User bits: 78       Sync symbols: 3 x  6     Modulation: 64-FSK
Reed Solomon code: RS(63,13)   nb3: 378
Channel Symbols:   Data: 63   Sync: 18   Total:  81    Rate: 0.16
TxTime: 47.250   Baud:   1.714    BW: 109.7   Rayleigh: 1
Nsps:  7000.0   Suggested FFTs:  6912 (1.0127)   7000 (1.0000)

  EsNo  EbNo  db65  esync   sync    false     copy     time
------------------------------------------------------------
  12.0  12.2 -19.6   0.0   1.0000   0.0000   1.0000   0.0395
  11.0  11.2 -20.6   0.0   1.0000   0.0000   1.0000   0.0463
  10.0  10.2 -21.6   0.0   1.0000   0.0000   1.0000   0.0530
   9.0   9.2 -22.6   0.0   1.0000   0.0000   1.0000   0.0578
   8.0   8.2 -23.6   0.0   1.0000   0.0000   1.0000   0.0611
   7.0   7.2 -24.6   0.0   1.0000   0.0000   0.9970   0.0618
   6.0   6.2 -25.6   7.8   0.9990   0.0000   0.8910   0.0595
   5.0   5.2 -26.6   8.8   0.9940   0.0000   0.4240   0.0522
   4.0   4.2 -27.6   7.6   0.9850   0.0000   0.0690   0.0421
   3.0   3.2 -28.6   7.1   0.9540   0.0000   0.0020   0.0344
   2.0   2.2 -29.6   7.5   0.8760   0.0000   0.0000   0.0296

User bits: 48       Sync symbols: 3 x  6     Modulation: 64-FSK
Reed Solomon code: RS(63, 8)   nb3: 378
Channel Symbols:   Data: 63   Sync: 18   Total:  81    Rate: 0.10
TxTime: 47.250   Baud:   1.714    BW: 109.7   Rayleigh: 1
Nsps:  7000.0   Suggested FFTs:  6912 (1.0127)   7000 (1.0000)

  EsNo  EbNo  db65  esync   sync    false     copy     time
------------------------------------------------------------
  12.0  14.3 -19.6   0.0   1.0000   0.0000   1.0000   0.0303
  11.0  13.3 -20.6  36.1   0.9990   0.0000   1.0000   0.0366
  10.0  12.3 -21.6  16.1   0.9980   0.0000   1.0000   0.0420
   9.0  11.3 -22.6   0.0   1.0000   0.0000   1.0000   0.0477
   8.0  10.3 -23.6  29.9   0.9980   0.0000   1.0000   0.0527
   7.0   9.3 -24.6  14.2   0.9990   0.0000   1.0000   0.0547
   6.0   8.3 -25.6  12.4   0.9980   0.0000   1.0000   0.0563
   5.0   7.3 -26.6  10.1   0.9940   0.0000   0.9480   0.0550
   4.0   6.3 -27.6   9.9   0.9720   0.0000   0.6540   0.0494
   3.0   5.3 -28.6   8.6   0.9360   0.0000   0.2080   0.0416
   2.0   4.3 -29.6   8.2   0.8630   0.0000   0.0180   0.0347
   1.0   3.3 -30.6   8.1   0.7390   0.0000   0.0010   0.0307
   0.0   2.3 -31.6   6.3   0.5840   0.0000   0.0010   0.0277
  -1.0   1.3 -32.6   6.5   0.3670   0.0000   0.0000   0.0268

User bits: 30       Sync symbols: 3 x  6     Modulation: 64-FSK
Reed Solomon code: RS(63, 5)   nb3: 378
Channel Symbols:   Data: 63   Sync: 18   Total:  81    Rate: 0.06
TxTime: 47.250   Baud:   1.714    BW: 109.7   Rayleigh: 1
Nsps:  7000.0   Suggested FFTs:  6912 (1.0127)   7000 (1.0000)

  EsNo  EbNo  db65  esync   sync    false     copy     time
------------------------------------------------------------
  12.0  16.3 -19.6  30.4   0.9990   0.0000   1.0000   0.0159
  11.0  15.3 -20.6   0.0   1.0000   0.0000   1.0000   0.0187
  10.0  14.3 -21.6   0.0   1.0000   0.0000   1.0000   0.0212
   9.0  13.3 -22.6   0.0   1.0000   0.0000   1.0000   0.0238
   8.0  12.3 -23.6   0.0   1.0000   0.0000   1.0000   0.0263
   7.0  11.3 -24.6   0.0   1.0000   0.0000   1.0000   0.0276
   6.0  10.3 -25.6   9.6   0.9970   0.0000   0.9930   0.0291
   5.0   9.3 -26.6  11.5   0.9930   0.0000   0.9920   0.0295
   4.0   8.3 -27.6   5.6   0.9890   0.0000   0.9370   0.0282
   3.0   7.3 -28.6   8.9   0.9520   0.0000   0.6670   0.0261
   2.0   6.3 -29.6   9.0   0.8730   0.0000   0.2750   0.0233
   1.0   5.3 -30.6   8.1   0.7490   0.0000   0.0500   0.0206
   0.0   4.3 -31.6   6.3   0.5930   0.0000   0.0060   0.0188
  -1.0   3.3 -32.6   6.4   0.3770   0.0000   0.0000   0.0179

User bits: 78       Sync symbols: 3 x  6     Modulation: 64-FSK
Reed Solomon code: RS(63,13)   nb3: 378
Channel Symbols:   Data: 63   Sync: 18   Total:  81    Rate: 0.16
TxTime:  3.456   Baud:  23.438    BW:1500.0   Rayleigh: 1
Nsps:   512.0   Suggested FFTs:   504 (1.0159)    512 (1.0000)

  EsNo  EbNo  db65  esync   sync    false     copy     time
------------------------------------------------------------
  12.0  12.2  -8.3   0.0   1.0000   0.0000   1.0000   0.0394
  11.0  11.2  -9.3   0.0   1.0000   0.0000   1.0000   0.0461
  10.0  10.2 -10.3   0.0   1.0000   0.0000   1.0000   0.0528
   9.0   9.2 -11.3   0.0   1.0000   0.0000   1.0000   0.0577
   8.0   8.2 -12.3   0.0   1.0000   0.0000   1.0000   0.0610
   7.0   7.2 -13.3   0.0   1.0000   0.0000   0.9970   0.0613
   6.0   6.2 -14.3   7.8   0.9990   0.0000   0.8910   0.0591
   5.0   5.2 -15.3   8.8   0.9940   0.0000   0.4240   0.0519
   4.0   4.2 -16.3   7.6   0.9850   0.0000   0.0690   0.0418
   3.0   3.2 -17.3   7.1   0.9540   0.0000   0.0020   0.0340
   2.0   2.2 -18.3   7.5   0.8760   0.0000   0.0000   0.0292

User bits: 48       Sync symbols: 3 x  6     Modulation: 64-FSK
Reed Solomon code: RS(63, 8)   nb3: 378
Channel Symbols:   Data: 63   Sync: 18   Total:  81    Rate: 0.10
TxTime:  3.456   Baud:  23.438    BW:1500.0   Rayleigh: 1
Nsps:   512.0   Suggested FFTs:   504 (1.0159)    512 (1.0000)

  EsNo  EbNo  db65  esync   sync    false     copy     time
------------------------------------------------------------
  12.0  14.3  -8.3   0.0   1.0000   0.0000   1.0000   0.0301
  11.0  13.3  -9.3  36.1   0.9990   0.0000   1.0000   0.0363
  10.0  12.3 -10.3  16.1   0.9980   0.0000   1.0000   0.0418
   9.0  11.3 -11.3   0.0   1.0000   0.0000   1.0000   0.0476
   8.0  10.3 -12.3  29.9   0.9980   0.0000   1.0000   0.0525
   7.0   9.3 -13.3  14.2   0.9990   0.0000   1.0000   0.0546
   6.0   8.3 -14.3  12.4   0.9980   0.0000   1.0000   0.0564
   5.0   7.3 -15.3  10.1   0.9940   0.0000   0.9480   0.0549
   4.0   6.3 -16.3   9.9   0.9720   0.0000   0.6540   0.0496
   3.0   5.3 -17.3   8.6   0.9360   0.0000   0.2080   0.0416
   2.0   4.3 -18.3   8.2   0.8630   0.0000   0.0180   0.0348
   1.0   3.3 -19.3   8.1   0.7390   0.0000   0.0010   0.0309
   0.0   2.3 -20.3   6.3   0.5840   0.0000   0.0010   0.0280
  -1.0   1.3 -21.3   6.5   0.3670   0.0000   0.0000   0.0271

User bits: 30       Sync symbols: 3 x  6     Modulation: 64-FSK
Reed Solomon code: RS(63, 5)   nb3: 378
Channel Symbols:   Data: 63   Sync: 18   Total:  81    Rate: 0.06
TxTime:  3.456   Baud:  23.438    BW:1500.0   Rayleigh: 1
Nsps:   512.0   Suggested FFTs:   504 (1.0159)    512 (1.0000)

  EsNo  EbNo  db65  esync   sync    false     copy     time
------------------------------------------------------------
  12.0  16.3  -8.3  30.4   0.9990   0.0000   1.0000   0.0157
  11.0  15.3  -9.3   0.0   1.0000   0.0000   1.0000   0.0185
  10.0  14.3 -10.3   0.0   1.0000   0.0000   1.0000   0.0212
   9.0  13.3 -11.3   0.0   1.0000   0.0000   1.0000   0.0237
   8.0  12.3 -12.3   0.0   1.0000   0.0000   1.0000   0.0262
   7.0  11.3 -13.3   0.0   1.0000   0.0000   1.0000   0.0273
   6.0  10.3 -14.3   9.6   0.9970   0.0000   0.9930   0.0291
   5.0   9.3 -15.3  11.5   0.9930   0.0000   0.9920   0.0296
   4.0   8.3 -16.3   5.6   0.9890   0.0000   0.9370   0.0282
   3.0   7.3 -17.3   8.9   0.9520   0.0000   0.6670   0.0260
   2.0   6.3 -18.3   9.0   0.8730   0.0000   0.2750   0.0233
   1.0   5.3 -19.3   8.1   0.7490   0.0000   0.0500   0.0204
   0.0   4.3 -20.3   6.3   0.5930   0.0000   0.0060   0.0189
  -1.0   3.3 -21.3   6.4   0.3770   0.0000   0.0000   0.0178

User bits: 78       Sync symbols: 2 x  4     Modulation:  2-FSK
Convolutional code: K=13, r=1/2     nb3: 180   MinMet:  800
Channel Symbols:   Data:180   Sync:  8   Total: 188    Rate: 0.41
TxTime:  0.125   Baud:1500.000    BW:3000.0   Rayleigh: 0
Nsps:     8.0   Suggested FFTs:     7 (1.1429)      8 (1.0000)

  EsNo  EbNo  db65  esync   sync    false     copy     time
------------------------------------------------------------
  12.0  15.8   9.8   0.0   1.0000   0.0000   1.0000   0.0032
  11.0  14.8   8.8  29.3   0.9700   0.0000   1.0000   0.0032
  10.0  13.8   7.8  20.1   0.9900   0.0000   1.0000   0.0034
   9.0  12.8   6.8  20.5   0.9600   0.0000   1.0000   0.0032
   8.0  11.8   5.8  12.4   0.9600   0.0000   1.0000   0.0034
   7.0  10.8   4.8  14.3   0.9200   0.0000   1.0000   0.0034
   6.0   9.8   3.8  17.2   0.8500   0.0000   1.0000   0.0032
   5.0   8.8   2.8  10.7   0.7200   0.0000   0.8200   0.0033
   4.0   7.8   1.8   9.6   0.6400   0.0000   0.0500   0.0032
   3.0   6.8   0.8   9.1   0.4200   0.0000   0.0000   0.0032

User bits: 48       Sync symbols: 2 x  4     Modulation:  2-FSK
Convolutional code: K=13, r=1/2     nb3: 120   MinMet:  800
Channel Symbols:   Data:120   Sync:  8   Total: 128    Rate: 0.38
TxTime:  0.085   Baud:1500.000    BW:3000.0   Rayleigh: 0
Nsps:     8.0   Suggested FFTs:     7 (1.1429)      8 (1.0000)

  EsNo  EbNo  db65  esync   sync    false     copy     time
------------------------------------------------------------
  12.0  16.3   9.8   0.0   1.0000   0.0000   1.0000   0.0022
  11.0  15.3   8.8   0.0   1.0000   0.0000   1.0000   0.0022
  10.0  14.3   7.8  20.3   0.9900   0.0000   1.0000   0.0021
   9.0  13.3   6.8  20.6   0.9700   0.0000   1.0000   0.0023
   8.0  12.3   5.8  20.0   0.9300   0.0000   0.9900   0.0022
   7.0  11.3   4.8  16.0   0.9200   0.0000   0.1300   0.0024
   6.0  10.3   3.8  16.8   0.8500   0.0000   0.0000   0.0022

User bits: 30       Sync symbols: 2 x  4     Modulation:  2-FSK
Convolutional code: K=13, r=1/2     nb3:  84   MinMet:  300
Channel Symbols:   Data: 84   Sync:  8   Total:  92    Rate: 0.33
TxTime:  0.061   Baud:1500.000    BW:3000.0   Rayleigh: 0
Nsps:     8.0   Suggested FFTs:     7 (1.1429)      8 (1.0000)

  EsNo  EbNo  db65  esync   sync    false     copy     time
------------------------------------------------------------
  12.0  16.9   9.8   0.0   1.0000   0.0000   1.0000   0.0014
  11.0  15.9   8.8  30.8   0.9900   0.0000   1.0000   0.0014
  10.0  14.9   7.8  24.4   0.9700   0.0000   1.0000   0.0015
   9.0  13.9   6.8  19.5   0.9900   0.0000   1.0000   0.0015
   8.0  12.9   5.8  16.4   0.9500   0.0000   1.0000   0.0016
   7.0  11.9   4.8  15.1   0.9300   0.0000   1.0000   0.0015
   6.0  10.9   3.8  12.4   0.8800   0.0000   1.0000   0.0016
   5.0   9.9   2.8  12.0   0.7400   0.0000   0.9900   0.0015
   4.0   8.9   1.8  11.0   0.7300   0.0000   0.8900   0.0016
   3.0   7.9   0.8   9.0   0.4600   0.0000   0.1600   0.0015
   2.0   6.9  -0.2   8.6   0.4100   0.0000   0.0100   0.0014
   1.0   5.9  -1.2   9.6   0.3200   0.0000   0.0000   0.0014

User bits: 78       Sync symbols: 2 x  8     Modulation:  8-FSK
Convolutional code: K=16, r=1/4     nb3: 372   MinMet:  900
Channel Symbols:   Data:124   Sync: 16   Total: 140    Rate: 0.19
TxTime: 49.000   Baud:   2.857    BW:  22.9   Rayleigh: 1
Nsps:  4200.0   Suggested FFTs:  4116 (1.0204)   4200 (1.0000)

  EsNo  EbNo  db65  esync   sync    false     copy     time
------------------------------------------------------------
  12.0  14.5 -17.4  48.5   0.9900   0.0000   1.0000   0.0344
  11.0  13.5 -18.4  33.2   0.9900   0.0000   1.0000   0.0337
  10.0  12.5 -19.4  29.5   0.9800   0.0000   1.0000   0.0346
   9.0  11.5 -20.4  24.8   0.9700   0.0000   1.0000   0.0340
   8.0  10.5 -21.4  17.3   0.9600   0.0000   1.0000   0.0344
   7.0   9.5 -22.4  15.1   0.9800   0.0000   1.0000   0.0342
   6.0   8.5 -23.4  14.8   0.9300   0.0000   0.9400   0.0338
   5.0   7.5 -24.4  10.2   0.9700   0.0000   0.2000   0.0349
   4.0   6.5 -25.4   9.2   0.9000   0.0000   0.0000   0.0347
